d:\workspace\carprojectx\smart_car_proj\car_auth\carauth\debug\carauth.lib
d:\workspace\carprojectx\smart_car_proj\car_auth\carauth\debug\carauth.exp
d:\workspace\carprojectx\smart_car_proj\car_auth\carauth\carauth\debug\carauth.pdb
d:\workspace\carprojectx\smart_car_proj\car_auth\carauth\carauth\debug\carauth.idb
d:\workspace\carprojectx\smart_car_proj\car_auth\carauth\carauth\debug\car_auth.obj
d:\workspace\carprojectx\smart_car_proj\car_auth\carauth\carauth\debug\vc140.pdb
d:\workspace\carprojectx\smart_car_proj\car_auth\carauth\carauth\debug\vc140.idb
d:\workspace\carprojectx\smart_car_proj\car_auth\carauth\carauth\debug\main.obj
d:\workspace\carprojectx\smart_car_proj\car_auth\carauth\debug\carauth.ilk
d:\workspace\carprojectx\smart_car_proj\car_auth\carauth\debug\carauth.exe
d:\workspace\carprojectx\smart_car_proj\car_auth\carauth\debug\carauth.pdb
d:\workspace\carprojectx\smart_car_proj\car_auth\carauth\carauth\debug\carauth.tlog\carauth.write.1u.tlog
d:\workspace\carprojectx\smart_car_proj\car_auth\carauth\carauth\debug\carauth.tlog\cl.command.1.tlog
d:\workspace\carprojectx\smart_car_proj\car_auth\carauth\carauth\debug\carauth.tlog\cl.read.1.tlog
d:\workspace\carprojectx\smart_car_proj\car_auth\carauth\carauth\debug\carauth.tlog\cl.write.1.tlog
d:\workspace\carprojectx\smart_car_proj\car_auth\carauth\carauth\debug\carauth.tlog\lib-link.read.1.tlog
d:\workspace\carprojectx\smart_car_proj\car_auth\carauth\carauth\debug\carauth.tlog\lib-link.write.1.tlog
d:\workspace\carprojectx\smart_car_proj\car_auth\carauth\carauth\debug\carauth.tlog\lib.command.1.tlog
d:\workspace\carprojectx\smart_car_proj\car_auth\carauth\carauth\debug\carauth.tlog\link.command.1.tlog
d:\workspace\carprojectx\smart_car_proj\car_auth\carauth\carauth\debug\carauth.tlog\link.read.1.tlog
d:\workspace\carprojectx\smart_car_proj\car_auth\carauth\carauth\debug\carauth.tlog\link.write.1.tlog
